<?xml version="1.0" encoding="UTF-8"?>
<!-- Generated by org.testng.reporters.JUnitXMLReporter -->
<testsuite ignored="1" hostname="Rintu" failures="1" tests="3" name="Test" time="45.738" errors="0" timestamp="2023-09-25T18:24:42 IST">
  <testcase classname="EcommerceFramework.Tests.ErrorValidationTest" name="loginErrorValidation" time="0.61">
    <skipped/>
  </testcase> <!-- loginErrorValidation -->
  <testcase classname="EcommerceFramework.Tests.ErrorValidationTest" name="loginErrorValidation" time="0.776">
    <skipped/>
  </testcase> <!-- loginErrorValidation -->
  <testcase classname="EcommerceFramework.Tests.ErrorValidationTest" name="loginErrorValidation" time="0.727">
    <failure type="java.lang.AssertionError" message="expected [Incorrect email orpassword.] but found [Incorrect email or password.]">
      <![CDATA[java.lang.AssertionError: expected [Incorrect email orpassword.] but found [Incorrect email or password.]
at EcommerceFramework.Tests.ErrorValidationTest.loginErrorValidation(ErrorValidationTest.java:16)
at java.base/java.util.ArrayList.forEach(ArrayList.java:1511)
at java.base/java.util.concurrent.FutureTask.run(FutureTask.java:264)
at java.base/java.util.concurrent.ThreadPoolExecutor.runWorker(ThreadPoolExecutor.java:1136)
at java.base/java.util.concurrent.ThreadPoolExecutor$Worker.run(ThreadPoolExecutor.java:635)
at java.base/java.lang.Thread.run(Thread.java:833)
... Removed 23 stack frames]]>
    </failure>
  </testcase> <!-- loginErrorValidation -->
  <testcase classname="EcommerceFramework.Tests.ErrorValidationTest" name="CartProductValidation" time="0.0">
    <ignored/>
  </testcase> <!-- CartProductValidation -->
</testsuite> <!-- Test -->
